2025-05-13 16:00:27.8071 server start........................ 
2025-05-13 16:08:46.4965 scene create: Main -1 1
2025-05-13 16:08:46.5466 scene create: NetInner -2 1
2025-05-13 16:08:46.5778 scene create: Realm 1 1
2025-05-13 16:08:46.5778 scene create: Gate 2 1
2025-05-13 16:08:46.5778 scene create: Gate 3 1
2025-05-13 16:08:46.5778 scene create: Location 4 1
2025-05-13 16:08:46.5925 scene create: Match 5 1
2025-05-13 16:08:46.5925 scene create: Map 6 1
2025-05-13 16:08:46.5925 scene create: Map 7 1
2025-05-13 16:08:46.5925 scene create: Map 8 1
2025-05-13 16:08:46.5925 scene create: RouterManager 300 1
2025-05-13 16:08:46.6324 scene create: Router 301 1
2025-05-13 16:08:46.6324 scene create: Router 302 1
2025-05-13 16:08:46.6380 scene create: Router 303 1
2025-05-13 16:08:46.6380 scene create: Router 304 1
2025-05-13 16:19:36.0931 scene create: Main -1 1
2025-05-13 16:19:36.1221 scene create: NetInner -2 1
2025-05-13 16:19:36.1500 scene create: Realm 1 1
2025-05-13 16:19:36.1568 scene create: Gate 2 1
2025-05-13 16:19:36.1568 scene create: Gate 3 1
2025-05-13 16:19:36.1568 scene create: Location 4 1
2025-05-13 16:19:36.1694 scene create: Match 5 1
2025-05-13 16:19:36.1694 scene create: Map 6 1
2025-05-13 16:19:36.1694 scene create: Map 7 1
2025-05-13 16:19:36.1694 scene create: Map 8 1
2025-05-13 16:19:36.1855 scene create: RouterManager 300 1
2025-05-13 16:19:36.2085 scene create: Router 301 1
2025-05-13 16:19:36.2085 scene create: Router 302 1
2025-05-13 16:19:36.2085 scene create: Router 303 1
2025-05-13 16:19:36.2085 scene create: Router 304 1
2025-05-13 16:29:04.3259 scene create: Main -1 1
2025-05-13 16:29:04.3552 scene create: NetInner -2 1
2025-05-13 16:29:04.3815 scene create: Realm 1 1
2025-05-13 16:29:04.3887 scene create: Gate 2 1
2025-05-13 16:29:04.3887 scene create: Gate 3 1
2025-05-13 16:29:04.3887 scene create: Location 4 1
2025-05-13 16:29:04.3887 scene create: Match 5 1
2025-05-13 16:29:04.4039 scene create: Map 6 1
2025-05-13 16:29:04.4039 scene create: Map 7 1
2025-05-13 16:29:04.4039 scene create: Map 8 1
2025-05-13 16:29:04.4039 scene create: RouterManager 300 1
2025-05-13 16:29:04.4405 scene create: Router 301 1
2025-05-13 16:29:04.4405 scene create: Router 302 1
2025-05-13 16:29:04.4510 scene create: Router 303 1
2025-05-13 16:29:04.4510 scene create: Router 304 1
2025-05-13 16:29:23.6898 scene create: Main -1 1
2025-05-13 16:29:23.7200 scene create: NetInner -2 1
2025-05-13 16:29:23.7477 scene create: Realm 1 1
2025-05-13 16:29:23.7477 scene create: Gate 2 1
2025-05-13 16:29:23.7477 scene create: Gate 3 1
2025-05-13 16:29:23.7477 scene create: Location 4 1
2025-05-13 16:29:23.7477 scene create: Match 5 1
2025-05-13 16:29:23.7477 scene create: Map 6 1
2025-05-13 16:29:23.7640 scene create: Map 7 1
2025-05-13 16:29:23.7640 scene create: Map 8 1
2025-05-13 16:29:23.7640 scene create: RouterManager 300 1
2025-05-13 16:29:23.7882 scene create: Router 301 1
2025-05-13 16:30:29.7694 scene create: Router 302 1
2025-05-13 16:30:33.2641 scene create: Router 303 1
2025-05-13 16:30:34.4289 scene create: Router 304 1
2025-05-13 16:35:08.2374 scene create: Main -1 1
2025-05-13 16:35:08.2658 scene create: NetInner -2 1
2025-05-13 16:35:08.2925 scene create: Realm 1 1
2025-05-13 16:35:08.2983 scene create: Gate 2 1
2025-05-13 16:35:08.2983 scene create: Gate 3 1
2025-05-13 16:35:08.2983 scene create: Location 4 1
2025-05-13 16:35:08.2983 scene create: Match 5 1
2025-05-13 16:35:08.3105 scene create: Map 6 1
2025-05-13 16:35:08.3105 scene create: Map 7 1
2025-05-13 16:35:08.3105 scene create: Map 8 1
2025-05-13 16:35:08.3105 scene create: RouterManager 300 1
2025-05-13 16:35:08.3448 scene create: Router 301 1
2025-05-13 16:35:08.3448 scene create: Router 302 1
2025-05-13 16:35:08.3448 scene create: Router 303 1
2025-05-13 16:35:08.3448 scene create: Router 304 1
2025-05-13 16:48:19.4934 scene create: Main -1 1
2025-05-13 16:48:19.5465 scene create: NetInner -2 1
2025-05-13 16:48:19.5742 scene create: Realm 1 1
2025-05-13 16:48:19.5818 scene create: Gate 2 1
2025-05-13 16:48:19.5818 scene create: Gate 3 1
2025-05-13 16:48:19.5818 scene create: Location 4 1
2025-05-13 16:48:19.5818 scene create: Match 5 1
2025-05-13 16:48:19.5916 scene create: Map 6 1
2025-05-13 16:48:19.5916 scene create: Map 7 1
2025-05-13 16:48:19.5916 scene create: Map 8 1
2025-05-13 16:48:19.5916 scene create: LiveOps 9 1
2025-05-13 16:51:17.7248 scene create: Main -1 1
2025-05-13 16:51:17.7557 scene create: NetInner -2 1
2025-05-13 16:51:17.7887 scene create: Realm 1 1
2025-05-13 16:51:17.7968 scene create: Gate 2 1
2025-05-13 16:51:17.7968 scene create: Gate 3 1
2025-05-13 16:51:17.7968 scene create: Location 4 1
2025-05-13 16:51:17.7968 scene create: Match 5 1
2025-05-13 16:51:17.8121 scene create: Map 6 1
2025-05-13 16:51:17.8121 scene create: Map 7 1
2025-05-13 16:51:17.8121 scene create: Map 8 1
2025-05-13 16:51:17.8121 scene create: LiveOps 9 1
2025-05-13 16:52:11.7729 scene create: Main -1 1
2025-05-13 16:52:11.8019 scene create: NetInner -2 1
2025-05-13 16:52:11.8289 scene create: Realm 1 1
2025-05-13 16:52:11.8289 scene create: Gate 2 1
2025-05-13 16:52:11.8289 scene create: Gate 3 1
2025-05-13 16:52:11.8448 scene create: Location 4 1
2025-05-13 16:52:11.8448 scene create: Match 5 1
2025-05-13 16:52:11.8448 scene create: Map 6 1
2025-05-13 16:52:11.8448 scene create: Map 7 1
2025-05-13 16:52:11.8603 scene create: Map 8 1
2025-05-13 16:52:11.8603 scene create: LiveOps 9 1
2025-05-13 16:57:41.2956 scene create: Main -1 1
2025-05-13 16:57:41.3417 scene create: NetInner -2 1
2025-05-13 16:57:41.3762 scene create: Realm 1 1
2025-05-13 16:57:41.3762 scene create: Gate 2 1
2025-05-13 16:57:41.3762 scene create: Gate 3 1
2025-05-13 16:57:41.3896 scene create: Location 4 1
2025-05-13 16:57:41.3896 scene create: Match 5 1
2025-05-13 16:57:41.3896 scene create: Map 6 1
2025-05-13 16:57:41.3896 scene create: Map 7 1
2025-05-13 16:57:41.3896 scene create: Map 8 1
2025-05-13 16:57:41.3896 scene create: LiveOps 9 1
2025-05-13 16:58:25.4646 scene create: Main -1 1
2025-05-13 16:58:25.5000 scene create: NetInner -2 1
2025-05-13 16:58:25.5352 scene create: Realm 1 1
2025-05-13 16:58:25.5444 scene create: Gate 2 1
2025-05-13 16:58:25.5444 scene create: Gate 3 1
2025-05-13 16:58:25.5444 scene create: Location 4 1
2025-05-13 16:58:25.5444 scene create: Match 5 1
2025-05-13 16:58:25.5444 scene create: Map 6 1
2025-05-13 16:58:25.5444 scene create: Map 7 1
2025-05-13 16:58:25.5444 scene create: Map 8 1
2025-05-13 16:58:25.5444 scene create: LiveOps 9 1
2025-05-13 16:59:28.7494 scene create: Main -1 1
2025-05-13 16:59:28.8004 scene create: NetInner -2 1
2025-05-13 16:59:28.8318 scene create: Realm 1 1
2025-05-13 16:59:28.8318 scene create: Gate 2 1
2025-05-13 16:59:28.8419 scene create: Gate 3 1
2025-05-13 16:59:28.8419 scene create: Location 4 1
2025-05-13 16:59:28.8419 scene create: Match 5 1
2025-05-13 16:59:28.8419 scene create: Map 6 1
2025-05-13 16:59:28.8419 scene create: Map 7 1
2025-05-13 16:59:28.8419 scene create: Map 8 1
2025-05-13 16:59:28.8419 scene create: None 9 1
