2025-05-13 17:00:00.0440 (Scene.cs:36) scene create: Main -1 1
2025-05-13 17:00:00.0955 (Scene.cs:36) scene create: NetInner -2 1
2025-05-13 17:00:00.1267 (Scene.cs:36) scene create: Realm 1 1
2025-05-13 17:00:00.1267 (Scene.cs:36) scene create: Gate 2 1
2025-05-13 17:00:00.1267 (Scene.cs:36) scene create: Gate 3 1
2025-05-13 17:00:00.1390 (Scene.cs:36) scene create: Location 4 1
2025-05-13 17:00:00.1390 (Scene.cs:36) scene create: Match 5 1
2025-05-13 17:00:00.1390 (Scene.cs:36) scene create: Map 6 1
2025-05-13 17:00:00.1390 (Scene.cs:36) scene create: Map 7 1
2025-05-13 17:00:00.1390 (Scene.cs:36) scene create: Map 8 1
2025-05-13 17:00:00.1390 (Scene.cs:36) scene create: LiveOps 9 1
2025-05-13 17:00:00.1606 (FiberManager.cs:83) init fiber fail: LiveOps System.Exception: Invoke error5: 1048576 ET.FiberInit
   at ET.EventSystem.Invoke[A,T](Int64 type, A args) in D:\OpenSource\TEngine\Server\Core\Core\World\Module\EventSystem\EventSystem.cs:line 183
   at ET.FiberManager.<>c__DisplayClass8_1.<<Create>b__0>d.MoveNext() in D:\OpenSource\TEngine\Server\Core\Core\World\Module\Fiber\FiberManager.cs:line 83
2025-05-13 17:01:56.1332 (Scene.cs:36) scene create: Main -1 1
2025-05-13 17:02:14.7497 (Scene.cs:36) scene create: NetInner -2 1
2025-05-13 17:02:21.3325 (Scene.cs:36) scene create: Realm 1 1
2025-05-13 17:02:23.5413 (Scene.cs:36) scene create: Gate 2 1
2025-05-13 17:02:26.0584 (Scene.cs:36) scene create: Gate 3 1
2025-05-13 17:02:28.4664 (Scene.cs:36) scene create: Location 4 1
2025-05-13 17:02:30.6396 (Scene.cs:36) scene create: Match 5 1
2025-05-13 17:02:33.0222 (Scene.cs:36) scene create: Map 6 1
2025-05-13 17:02:35.3200 (Scene.cs:36) scene create: Map 7 1
2025-05-13 17:02:37.4942 (Scene.cs:36) scene create: Map 8 1
2025-05-13 17:02:39.7477 (Scene.cs:36) scene create: LiveOps 9 1
2025-05-13 17:06:31.0523 (Scene.cs:36) scene create: Main -1 1
2025-05-13 17:06:31.0829 (Scene.cs:36) scene create: NetInner -2 1
2025-05-13 17:06:31.1129 (Scene.cs:36) scene create: Realm 1 1
2025-05-13 17:06:31.1129 (Scene.cs:36) scene create: Gate 2 1
2025-05-13 17:06:31.1231 (Scene.cs:36) scene create: Gate 3 1
2025-05-13 17:06:31.1231 (Scene.cs:36) scene create: Location 4 1
2025-05-13 17:06:31.1231 (Scene.cs:36) scene create: Match 5 1
2025-05-13 17:06:31.1231 (Scene.cs:36) scene create: Map 6 1
2025-05-13 17:06:31.1231 (Scene.cs:36) scene create: Map 7 1
2025-05-13 17:06:31.1231 (Scene.cs:36) scene create: Map 8 1
2025-05-13 17:06:31.1231 (Scene.cs:36) scene create: LiveOps 9 1
2025-05-13 17:06:31.1428 (FiberManager.cs:83) init fiber fail: LiveOps System.Exception: Invoke error5: 1048576 ET.FiberInit
   at ET.EventSystem.Invoke[A,T](Int64 type, A args) in D:\OpenSource\TEngine\Server\Core\Core\World\Module\EventSystem\EventSystem.cs:line 183
   at ET.FiberManager.<>c__DisplayClass8_1.<<Create>b__0>d.MoveNext() in D:\OpenSource\TEngine\Server\Core\Core\World\Module\Fiber\FiberManager.cs:line 83
2025-05-13 17:10:29.8895 (Scene.cs:36) scene create: Main -1 1
2025-05-13 17:10:29.9218 (Scene.cs:36) scene create: NetInner -2 1
2025-05-13 17:11:49.7875 (Scene.cs:36) scene create: Realm 1 1
2025-05-13 17:11:53.2745 (Scene.cs:36) scene create: Gate 2 1
2025-05-13 17:11:54.0068 (Scene.cs:36) scene create: Gate 3 1
2025-05-13 17:11:54.8537 (Scene.cs:36) scene create: Location 4 1
2025-05-13 17:11:55.4765 (Scene.cs:36) scene create: Match 5 1
2025-05-13 17:11:58.1973 (Scene.cs:36) scene create: Map 6 1
2025-05-13 17:12:00.4453 (Scene.cs:36) scene create: Map 7 1
2025-05-13 17:12:02.3872 (Scene.cs:36) scene create: Map 8 1
2025-05-13 17:12:05.2017 (Scene.cs:36) scene create: LiveOps 9 1
2025-05-13 17:14:58.2058 (Scene.cs:36) scene create: Main -1 1
2025-05-13 17:15:02.0492 (Scene.cs:36) scene create: NetInner -2 1
2025-05-13 17:15:04.6066 (Scene.cs:36) scene create: Realm 1 1
2025-05-13 17:15:04.6149 (Scene.cs:36) scene create: Gate 2 1
2025-05-13 17:15:04.6149 (Scene.cs:36) scene create: Gate 3 1
2025-05-13 17:15:04.6149 (Scene.cs:36) scene create: Location 4 1
2025-05-13 17:15:04.6149 (Scene.cs:36) scene create: Match 5 1
2025-05-13 17:15:04.6223 (Scene.cs:36) scene create: Map 6 1
2025-05-13 17:15:04.6223 (Scene.cs:36) scene create: Map 7 1
2025-05-13 17:15:04.6223 (Scene.cs:36) scene create: Map 8 1
2025-05-13 17:15:04.6223 (Scene.cs:36) scene create: LiveOps 9 1
2025-05-13 17:15:04.6489 (FiberManager.cs:83) init fiber fail: LiveOps System.Exception: Invoke error5: 1048576 ET.FiberInit
   at ET.EventSystem.Invoke[A,T](Int64 type, A args) in D:\OpenSource\TEngine\Server\Core\Core\World\Module\EventSystem\EventSystem.cs:line 183
   at ET.FiberManager.<>c__DisplayClass8_1.<<Create>b__0>d.MoveNext() in D:\OpenSource\TEngine\Server\Core\Core\World\Module\Fiber\FiberManager.cs:line 83
2025-05-13 17:16:09.3111 (Scene.cs:36) scene create: Main -1 1
2025-05-13 17:16:09.3529 (Scene.cs:36) scene create: NetInner -2 1
2025-05-13 17:16:09.3767 (Scene.cs:36) scene create: Realm 1 1
2025-05-13 17:16:09.3767 (Scene.cs:36) scene create: Gate 2 1
2025-05-13 17:16:09.3906 (Scene.cs:36) scene create: Gate 3 1
2025-05-13 17:16:09.3906 (Scene.cs:36) scene create: Location 4 1
2025-05-13 17:16:09.3906 (Scene.cs:36) scene create: Match 5 1
2025-05-13 17:16:09.3906 (Scene.cs:36) scene create: Map 6 1
2025-05-13 17:16:09.4061 (Scene.cs:36) scene create: Map 7 1
2025-05-13 17:16:09.4061 (Scene.cs:36) scene create: Map 8 1
2025-05-13 17:16:09.4061 (Scene.cs:36) scene create: LiveOps 9 1
2025-05-13 17:16:09.4244 (FiberManager.cs:83) init fiber fail: LiveOps System.Exception: Invoke error5: 2097152 ET.FiberInit
   at ET.EventSystem.Invoke[A,T](Int64 type, A args) in D:\OpenSource\TEngine\Server\Core\Core\World\Module\EventSystem\EventSystem.cs:line 183
   at ET.FiberManager.<>c__DisplayClass8_1.<<Create>b__0>d.MoveNext() in D:\OpenSource\TEngine\Server\Core\Core\World\Module\Fiber\FiberManager.cs:line 83
2025-05-13 17:16:50.3589 (Scene.cs:36) scene create: Main -1 1
2025-05-13 17:16:50.4034 (Scene.cs:36) scene create: NetInner -2 1
2025-05-13 17:16:50.4295 (Scene.cs:36) scene create: Realm 1 1
2025-05-13 17:16:50.4384 (Scene.cs:36) scene create: Gate 2 1
2025-05-13 17:16:50.4384 (Scene.cs:36) scene create: Gate 3 1
2025-05-13 17:16:50.4384 (Scene.cs:36) scene create: Location 4 1
2025-05-13 17:16:50.4504 (Scene.cs:36) scene create: Match 5 1
2025-05-13 17:16:50.4504 (Scene.cs:36) scene create: Map 6 1
2025-05-13 17:16:50.4504 (Scene.cs:36) scene create: Map 7 1
2025-05-13 17:16:50.4504 (Scene.cs:36) scene create: Map 8 1
2025-05-13 17:16:50.4665 (Scene.cs:36) scene create: LiveOps 9 1
2025-05-13 17:16:50.4665 (FiberManager.cs:83) init fiber fail: LiveOps System.Exception: Invoke error5: 1048576 ET.FiberInit
   at ET.EventSystem.Invoke[A,T](Int64 type, A args) in D:\OpenSource\TEngine\Server\Core\Core\World\Module\EventSystem\EventSystem.cs:line 183
   at ET.FiberManager.<>c__DisplayClass8_1.<<Create>b__0>d.MoveNext() in D:\OpenSource\TEngine\Server\Core\Core\World\Module\Fiber\FiberManager.cs:line 83
2025-05-13 17:17:34.5623 (Scene.cs:36) scene create: Main -1 1
2025-05-13 17:17:34.6094 (Scene.cs:36) scene create: NetInner -2 1
2025-05-13 17:17:34.6394 (Scene.cs:36) scene create: Realm 1 1
2025-05-13 17:17:34.6394 (Scene.cs:36) scene create: Gate 2 1
2025-05-13 17:17:34.6394 (Scene.cs:36) scene create: Gate 3 1
2025-05-13 17:17:34.6394 (Scene.cs:36) scene create: Location 4 1
2025-05-13 17:17:34.6534 (Scene.cs:36) scene create: Match 5 1
2025-05-13 17:17:34.6534 (Scene.cs:36) scene create: Map 6 1
2025-05-13 17:17:34.6534 (Scene.cs:36) scene create: Map 7 1
2025-05-13 17:17:34.6534 (Scene.cs:36) scene create: Map 8 1
2025-05-13 17:17:34.6534 (Scene.cs:36) scene create: LiveOps 9 1
2025-05-13 17:17:34.6767 (FiberManager.cs:83) init fiber fail: LiveOps System.Exception: Invoke error5: 1024 ET.FiberInit
   at ET.EventSystem.Invoke[A,T](Int64 type, A args) in D:\OpenSource\TEngine\Server\Core\Core\World\Module\EventSystem\EventSystem.cs:line 183
   at ET.FiberManager.<>c__DisplayClass8_1.<<Create>b__0>d.MoveNext() in D:\OpenSource\TEngine\Server\Core\Core\World\Module\Fiber\FiberManager.cs:line 83
2025-05-13 17:18:21.8261 (Scene.cs:36) scene create: Main -1 1
2025-05-13 17:18:21.8567 (Scene.cs:36) scene create: NetInner -2 1
2025-05-13 17:18:21.8883 (Scene.cs:36) scene create: Realm 1 1
2025-05-13 17:18:21.8883 (Scene.cs:36) scene create: Gate 2 1
2025-05-13 17:18:21.8883 (Scene.cs:36) scene create: Gate 3 1
2025-05-13 17:18:21.8883 (Scene.cs:36) scene create: Location 4 1
2025-05-13 17:18:21.8883 (Scene.cs:36) scene create: Match 5 1
2025-05-13 17:18:21.9033 (Scene.cs:36) scene create: Map 6 1
2025-05-13 17:18:21.9033 (Scene.cs:36) scene create: Map 7 1
2025-05-13 17:18:21.9033 (Scene.cs:36) scene create: Map 8 1
2025-05-13 17:18:21.9033 (Scene.cs:36) scene create: LiveOps 9 1
2025-05-13 17:18:21.9033 (FiberManager.cs:83) init fiber fail: LiveOps System.Exception: Invoke error5: 1024 ET.FiberInit
   at ET.EventSystem.Invoke[A,T](Int64 type, A args) in D:\OpenSource\TEngine\Server\Core\Core\World\Module\EventSystem\EventSystem.cs:line 183
   at ET.FiberManager.<>c__DisplayClass8_1.<<Create>b__0>d.MoveNext() in D:\OpenSource\TEngine\Server\Core\Core\World\Module\Fiber\FiberManager.cs:line 83
2025-05-13 17:19:14.4217 (Scene.cs:36) scene create: Main -1 1
2025-05-13 17:19:57.5748 (Scene.cs:36) scene create: NetInner -2 1
2025-05-13 17:19:57.6029 (Scene.cs:36) scene create: Realm 1 1
2025-05-13 17:19:57.6111 (Scene.cs:36) scene create: Gate 2 1
2025-05-13 17:19:57.6111 (Scene.cs:36) scene create: Gate 3 1
2025-05-13 17:19:57.6111 (Scene.cs:36) scene create: Location 4 1
2025-05-13 17:19:57.6227 (Scene.cs:36) scene create: Match 5 1
2025-05-13 17:19:57.6227 (Scene.cs:36) scene create: Map 6 1
2025-05-13 17:19:57.6227 (Scene.cs:36) scene create: Map 7 1
2025-05-13 17:19:57.6227 (Scene.cs:36) scene create: Map 8 1
2025-05-13 17:19:57.6227 (Scene.cs:36) scene create: LiveOps 9 1
2025-05-13 17:19:57.6444 (FiberManager.cs:83) init fiber fail: LiveOps System.Exception: Invoke error5: 1024 ET.FiberInit
   at ET.EventSystem.Invoke[A,T](Int64 type, A args) in D:\OpenSource\TEngine\Server\Core\Core\World\Module\EventSystem\EventSystem.cs:line 183
   at ET.FiberManager.<>c__DisplayClass8_1.<<Create>b__0>d.MoveNext() in D:\OpenSource\TEngine\Server\Core\Core\World\Module\Fiber\FiberManager.cs:line 83
2025-05-13 17:20:24.8721 (Scene.cs:36) scene create: Main -1 1
2025-05-13 17:20:24.9202 (Scene.cs:36) scene create: NetInner -2 1
2025-05-13 17:20:24.9495 (Scene.cs:36) scene create: Realm 1 1
2025-05-13 17:20:24.9583 (Scene.cs:36) scene create: Gate 2 1
2025-05-13 17:20:24.9583 (Scene.cs:36) scene create: Gate 3 1
2025-05-13 17:20:24.9663 (Scene.cs:36) scene create: Location 4 1
2025-05-13 17:20:24.9663 (Scene.cs:36) scene create: Match 5 1
2025-05-13 17:20:24.9663 (Scene.cs:36) scene create: Map 6 1
2025-05-13 17:20:24.9663 (Scene.cs:36) scene create: Map 7 1
2025-05-13 17:20:24.9824 (Scene.cs:36) scene create: Map 8 1
2025-05-13 17:20:24.9824 (Scene.cs:36) scene create: LiveOps 9 1
2025-05-13 17:20:25.0083 (Scene.cs:36) scene create: RouterManager 300 1
2025-05-13 17:20:25.0083 (Scene.cs:36) scene create: Router 301 1
2025-05-13 17:20:25.0154 (FiberInit_Router.cs:15) Router create: 301
2025-05-13 17:20:25.0154 (Scene.cs:36) scene create: Router 302 1
2025-05-13 17:20:25.0154 (FiberInit_Router.cs:15) Router create: 302
2025-05-13 17:20:25.0154 (Scene.cs:36) scene create: Router 303 1
2025-05-13 17:20:25.0154 (FiberInit_Router.cs:15) Router create: 303
2025-05-13 17:20:25.0154 (Scene.cs:36) scene create: Router 304 1
2025-05-13 17:20:25.0154 (FiberInit_Router.cs:15) Router create: 304
2025-05-13 17:22:21.2329 (HttpDispatcher.cs:49) Http had no path /gameUpdate
2025-05-13 17:22:42.0462 (HttpDispatcher.cs:49) Http had no path /favicon.ico
