2025-05-13 17:00:00.0440 scene create: Main -1 1
2025-05-13 17:00:00.0955 scene create: NetInner -2 1
2025-05-13 17:00:00.1267 scene create: Realm 1 1
2025-05-13 17:00:00.1267 scene create: Gate 2 1
2025-05-13 17:00:00.1267 scene create: Gate 3 1
2025-05-13 17:00:00.1390 scene create: Location 4 1
2025-05-13 17:00:00.1390 scene create: Match 5 1
2025-05-13 17:00:00.1390 scene create: Map 6 1
2025-05-13 17:00:00.1390 scene create: Map 7 1
2025-05-13 17:00:00.1390 scene create: Map 8 1
2025-05-13 17:00:00.1390 scene create: LiveOps 9 1
2025-05-13 17:01:56.1332 scene create: Main -1 1
2025-05-13 17:02:14.7497 scene create: NetInner -2 1
2025-05-13 17:02:21.3325 scene create: Realm 1 1
2025-05-13 17:02:23.5413 scene create: Gate 2 1
2025-05-13 17:02:26.0584 scene create: Gate 3 1
2025-05-13 17:02:28.4664 scene create: Location 4 1
2025-05-13 17:02:30.6396 scene create: Match 5 1
2025-05-13 17:02:33.0222 scene create: Map 6 1
2025-05-13 17:02:35.3200 scene create: Map 7 1
2025-05-13 17:02:37.4942 scene create: Map 8 1
2025-05-13 17:02:39.7477 scene create: LiveOps 9 1
2025-05-13 17:06:31.0523 scene create: Main -1 1
2025-05-13 17:06:31.0829 scene create: NetInner -2 1
2025-05-13 17:06:31.1129 scene create: Realm 1 1
2025-05-13 17:06:31.1129 scene create: Gate 2 1
2025-05-13 17:06:31.1231 scene create: Gate 3 1
2025-05-13 17:06:31.1231 scene create: Location 4 1
2025-05-13 17:06:31.1231 scene create: Match 5 1
2025-05-13 17:06:31.1231 scene create: Map 6 1
2025-05-13 17:06:31.1231 scene create: Map 7 1
2025-05-13 17:06:31.1231 scene create: Map 8 1
2025-05-13 17:06:31.1231 scene create: LiveOps 9 1
2025-05-13 17:10:29.8895 scene create: Main -1 1
2025-05-13 17:10:29.9218 scene create: NetInner -2 1
2025-05-13 17:11:49.7875 scene create: Realm 1 1
2025-05-13 17:11:53.2745 scene create: Gate 2 1
2025-05-13 17:11:54.0068 scene create: Gate 3 1
2025-05-13 17:11:54.8537 scene create: Location 4 1
2025-05-13 17:11:55.4765 scene create: Match 5 1
2025-05-13 17:11:58.1973 scene create: Map 6 1
2025-05-13 17:12:00.4453 scene create: Map 7 1
2025-05-13 17:12:02.3872 scene create: Map 8 1
2025-05-13 17:12:05.2017 scene create: LiveOps 9 1
2025-05-13 17:14:58.2058 scene create: Main -1 1
2025-05-13 17:15:02.0492 scene create: NetInner -2 1
2025-05-13 17:15:04.6066 scene create: Realm 1 1
2025-05-13 17:15:04.6149 scene create: Gate 2 1
2025-05-13 17:15:04.6149 scene create: Gate 3 1
2025-05-13 17:15:04.6149 scene create: Location 4 1
2025-05-13 17:15:04.6149 scene create: Match 5 1
2025-05-13 17:15:04.6223 scene create: Map 6 1
2025-05-13 17:15:04.6223 scene create: Map 7 1
2025-05-13 17:15:04.6223 scene create: Map 8 1
2025-05-13 17:15:04.6223 scene create: LiveOps 9 1
2025-05-13 17:16:09.3111 scene create: Main -1 1
2025-05-13 17:16:09.3529 scene create: NetInner -2 1
2025-05-13 17:16:09.3767 scene create: Realm 1 1
2025-05-13 17:16:09.3767 scene create: Gate 2 1
2025-05-13 17:16:09.3906 scene create: Gate 3 1
2025-05-13 17:16:09.3906 scene create: Location 4 1
2025-05-13 17:16:09.3906 scene create: Match 5 1
2025-05-13 17:16:09.3906 scene create: Map 6 1
2025-05-13 17:16:09.4061 scene create: Map 7 1
2025-05-13 17:16:09.4061 scene create: Map 8 1
2025-05-13 17:16:09.4061 scene create: LiveOps 9 1
2025-05-13 17:16:50.3589 scene create: Main -1 1
2025-05-13 17:16:50.4034 scene create: NetInner -2 1
2025-05-13 17:16:50.4295 scene create: Realm 1 1
2025-05-13 17:16:50.4384 scene create: Gate 2 1
2025-05-13 17:16:50.4384 scene create: Gate 3 1
2025-05-13 17:16:50.4384 scene create: Location 4 1
2025-05-13 17:16:50.4504 scene create: Match 5 1
2025-05-13 17:16:50.4504 scene create: Map 6 1
2025-05-13 17:16:50.4504 scene create: Map 7 1
2025-05-13 17:16:50.4504 scene create: Map 8 1
2025-05-13 17:16:50.4665 scene create: LiveOps 9 1
2025-05-13 17:17:34.5623 scene create: Main -1 1
2025-05-13 17:17:34.6094 scene create: NetInner -2 1
2025-05-13 17:17:34.6394 scene create: Realm 1 1
2025-05-13 17:17:34.6394 scene create: Gate 2 1
2025-05-13 17:17:34.6394 scene create: Gate 3 1
2025-05-13 17:17:34.6394 scene create: Location 4 1
2025-05-13 17:17:34.6534 scene create: Match 5 1
2025-05-13 17:17:34.6534 scene create: Map 6 1
2025-05-13 17:17:34.6534 scene create: Map 7 1
2025-05-13 17:17:34.6534 scene create: Map 8 1
2025-05-13 17:17:34.6534 scene create: LiveOps 9 1
2025-05-13 17:18:21.8261 scene create: Main -1 1
2025-05-13 17:18:21.8567 scene create: NetInner -2 1
2025-05-13 17:18:21.8883 scene create: Realm 1 1
2025-05-13 17:18:21.8883 scene create: Gate 2 1
2025-05-13 17:18:21.8883 scene create: Gate 3 1
2025-05-13 17:18:21.8883 scene create: Location 4 1
2025-05-13 17:18:21.8883 scene create: Match 5 1
2025-05-13 17:18:21.9033 scene create: Map 6 1
2025-05-13 17:18:21.9033 scene create: Map 7 1
2025-05-13 17:18:21.9033 scene create: Map 8 1
2025-05-13 17:18:21.9033 scene create: LiveOps 9 1
2025-05-13 17:19:14.4217 scene create: Main -1 1
2025-05-13 17:19:57.5748 scene create: NetInner -2 1
2025-05-13 17:19:57.6029 scene create: Realm 1 1
2025-05-13 17:19:57.6111 scene create: Gate 2 1
2025-05-13 17:19:57.6111 scene create: Gate 3 1
2025-05-13 17:19:57.6111 scene create: Location 4 1
2025-05-13 17:19:57.6227 scene create: Match 5 1
2025-05-13 17:19:57.6227 scene create: Map 6 1
2025-05-13 17:19:57.6227 scene create: Map 7 1
2025-05-13 17:19:57.6227 scene create: Map 8 1
2025-05-13 17:19:57.6227 scene create: LiveOps 9 1
2025-05-13 17:20:24.8721 scene create: Main -1 1
2025-05-13 17:20:24.9202 scene create: NetInner -2 1
2025-05-13 17:20:24.9495 scene create: Realm 1 1
2025-05-13 17:20:24.9583 scene create: Gate 2 1
2025-05-13 17:20:24.9583 scene create: Gate 3 1
2025-05-13 17:20:24.9663 scene create: Location 4 1
2025-05-13 17:20:24.9663 scene create: Match 5 1
2025-05-13 17:20:24.9663 scene create: Map 6 1
2025-05-13 17:20:24.9663 scene create: Map 7 1
2025-05-13 17:20:24.9824 scene create: Map 8 1
2025-05-13 17:20:24.9824 scene create: LiveOps 9 1
2025-05-13 17:20:25.0083 scene create: RouterManager 300 1
2025-05-13 17:20:25.0083 scene create: Router 301 1
2025-05-13 17:20:25.0154 scene create: Router 302 1
2025-05-13 17:20:25.0154 scene create: Router 303 1
2025-05-13 17:20:25.0154 scene create: Router 304 1
2025-05-13 17:32:18.4177 server start........................ 
