2025-05-13 16:00:27.8071 (Init.cs:35) server start........................ 
2025-05-13 16:00:27.8318 (Proto2CS.cs:20) proto2cs succeed!
2025-05-13 16:08:46.4965 (Scene.cs:36) scene create: Main -1 1
2025-05-13 16:08:46.5466 (Scene.cs:36) scene create: NetInner -2 1
2025-05-13 16:08:46.5778 (Scene.cs:36) scene create: Realm 1 1
2025-05-13 16:08:46.5778 (Scene.cs:36) scene create: Gate 2 1
2025-05-13 16:08:46.5778 (Scene.cs:36) scene create: Gate 3 1
2025-05-13 16:08:46.5778 (Scene.cs:36) scene create: Location 4 1
2025-05-13 16:08:46.5925 (Scene.cs:36) scene create: Match 5 1
2025-05-13 16:08:46.5925 (Scene.cs:36) scene create: Map 6 1
2025-05-13 16:08:46.5925 (Scene.cs:36) scene create: Map 7 1
2025-05-13 16:08:46.5925 (Scene.cs:36) scene create: Map 8 1
2025-05-13 16:08:46.5925 (Scene.cs:36) scene create: RouterManager 300 1
2025-05-13 16:08:46.6324 (Scene.cs:36) scene create: Router 301 1
2025-05-13 16:08:46.6324 (FiberInit_Router.cs:15) Router create: 301
2025-05-13 16:08:46.6324 (Scene.cs:36) scene create: Router 302 1
2025-05-13 16:08:46.6380 (FiberInit_Router.cs:15) Router create: 302
2025-05-13 16:08:46.6380 (Scene.cs:36) scene create: Router 303 1
2025-05-13 16:08:46.6380 (FiberInit_Router.cs:15) Router create: 303
2025-05-13 16:08:46.6380 (Scene.cs:36) scene create: Router 304 1
2025-05-13 16:08:46.6380 (FiberInit_Router.cs:15) Router create: 304
2025-05-13 16:19:36.0931 (Scene.cs:36) scene create: Main -1 1
2025-05-13 16:19:36.1221 (Scene.cs:36) scene create: NetInner -2 1
2025-05-13 16:19:36.1500 (Scene.cs:36) scene create: Realm 1 1
2025-05-13 16:19:36.1568 (Scene.cs:36) scene create: Gate 2 1
2025-05-13 16:19:36.1568 (Scene.cs:36) scene create: Gate 3 1
2025-05-13 16:19:36.1568 (Scene.cs:36) scene create: Location 4 1
2025-05-13 16:19:36.1694 (Scene.cs:36) scene create: Match 5 1
2025-05-13 16:19:36.1694 (Scene.cs:36) scene create: Map 6 1
2025-05-13 16:19:36.1694 (Scene.cs:36) scene create: Map 7 1
2025-05-13 16:19:36.1694 (Scene.cs:36) scene create: Map 8 1
2025-05-13 16:19:36.1855 (Scene.cs:36) scene create: RouterManager 300 1
2025-05-13 16:19:36.2085 (Scene.cs:36) scene create: Router 301 1
2025-05-13 16:19:36.2085 (FiberInit_Router.cs:15) Router create: 301
2025-05-13 16:19:36.2085 (Scene.cs:36) scene create: Router 302 1
2025-05-13 16:19:36.2085 (FiberInit_Router.cs:15) Router create: 302
2025-05-13 16:19:36.2085 (Scene.cs:36) scene create: Router 303 1
2025-05-13 16:19:36.2085 (FiberInit_Router.cs:15) Router create: 303
2025-05-13 16:19:36.2085 (Scene.cs:36) scene create: Router 304 1
2025-05-13 16:19:36.2169 (FiberInit_Router.cs:15) Router create: 304
2025-05-13 16:29:04.3259 (Scene.cs:36) scene create: Main -1 1
2025-05-13 16:29:04.3552 (Scene.cs:36) scene create: NetInner -2 1
2025-05-13 16:29:04.3815 (Scene.cs:36) scene create: Realm 1 1
2025-05-13 16:29:04.3887 (Scene.cs:36) scene create: Gate 2 1
2025-05-13 16:29:04.3887 (Scene.cs:36) scene create: Gate 3 1
2025-05-13 16:29:04.3887 (Scene.cs:36) scene create: Location 4 1
2025-05-13 16:29:04.3887 (Scene.cs:36) scene create: Match 5 1
2025-05-13 16:29:04.4039 (Scene.cs:36) scene create: Map 6 1
2025-05-13 16:29:04.4039 (Scene.cs:36) scene create: Map 7 1
2025-05-13 16:29:04.4039 (Scene.cs:36) scene create: Map 8 1
2025-05-13 16:29:04.4039 (Scene.cs:36) scene create: RouterManager 300 1
2025-05-13 16:29:04.4405 (Scene.cs:36) scene create: Router 301 1
2025-05-13 16:29:04.4405 (FiberInit_Router.cs:15) Router create: 301
2025-05-13 16:29:04.4405 (Scene.cs:36) scene create: Router 302 1
2025-05-13 16:29:04.4405 (FiberInit_Router.cs:15) Router create: 302
2025-05-13 16:29:04.4510 (Scene.cs:36) scene create: Router 303 1
2025-05-13 16:29:04.4510 (FiberInit_Router.cs:15) Router create: 303
2025-05-13 16:29:04.4510 (Scene.cs:36) scene create: Router 304 1
2025-05-13 16:29:04.4510 (FiberInit_Router.cs:15) Router create: 304
2025-05-13 16:29:23.6898 (Scene.cs:36) scene create: Main -1 1
2025-05-13 16:29:23.7200 (Scene.cs:36) scene create: NetInner -2 1
2025-05-13 16:29:23.7477 (Scene.cs:36) scene create: Realm 1 1
2025-05-13 16:29:23.7477 (Scene.cs:36) scene create: Gate 2 1
2025-05-13 16:29:23.7477 (Scene.cs:36) scene create: Gate 3 1
2025-05-13 16:29:23.7477 (Scene.cs:36) scene create: Location 4 1
2025-05-13 16:29:23.7477 (Scene.cs:36) scene create: Match 5 1
2025-05-13 16:29:23.7477 (Scene.cs:36) scene create: Map 6 1
2025-05-13 16:29:23.7640 (Scene.cs:36) scene create: Map 7 1
2025-05-13 16:29:23.7640 (Scene.cs:36) scene create: Map 8 1
2025-05-13 16:29:23.7640 (Scene.cs:36) scene create: RouterManager 300 1
2025-05-13 16:29:23.7882 (Scene.cs:36) scene create: Router 301 1
2025-05-13 16:30:29.7694 (FiberInit_Router.cs:15) Router create: 301
2025-05-13 16:30:29.7694 (Scene.cs:36) scene create: Router 302 1
2025-05-13 16:30:33.2641 (FiberInit_Router.cs:15) Router create: 302
2025-05-13 16:30:33.2641 (Scene.cs:36) scene create: Router 303 1
2025-05-13 16:30:34.4289 (FiberInit_Router.cs:15) Router create: 303
2025-05-13 16:30:34.4289 (Scene.cs:36) scene create: Router 304 1
2025-05-13 16:30:37.0135 (FiberInit_Router.cs:15) Router create: 304
2025-05-13 16:35:08.2374 (Scene.cs:36) scene create: Main -1 1
2025-05-13 16:35:08.2658 (Scene.cs:36) scene create: NetInner -2 1
2025-05-13 16:35:08.2925 (Scene.cs:36) scene create: Realm 1 1
2025-05-13 16:35:08.2983 (Scene.cs:36) scene create: Gate 2 1
2025-05-13 16:35:08.2983 (Scene.cs:36) scene create: Gate 3 1
2025-05-13 16:35:08.2983 (Scene.cs:36) scene create: Location 4 1
2025-05-13 16:35:08.2983 (Scene.cs:36) scene create: Match 5 1
2025-05-13 16:35:08.3105 (Scene.cs:36) scene create: Map 6 1
2025-05-13 16:35:08.3105 (Scene.cs:36) scene create: Map 7 1
2025-05-13 16:35:08.3105 (Scene.cs:36) scene create: Map 8 1
2025-05-13 16:35:08.3105 (Scene.cs:36) scene create: RouterManager 300 1
2025-05-13 16:35:08.3448 (Scene.cs:36) scene create: Router 301 1
2025-05-13 16:35:08.3448 (FiberInit_Router.cs:15) Router create: 301
2025-05-13 16:35:08.3448 (Scene.cs:36) scene create: Router 302 1
2025-05-13 16:35:08.3448 (FiberInit_Router.cs:15) Router create: 302
2025-05-13 16:35:08.3448 (Scene.cs:36) scene create: Router 303 1
2025-05-13 16:35:08.3448 (FiberInit_Router.cs:15) Router create: 303
2025-05-13 16:35:08.3448 (Scene.cs:36) scene create: Router 304 1
2025-05-13 16:35:08.3584 (FiberInit_Router.cs:15) Router create: 304
2025-05-13 16:48:19.4934 (Scene.cs:36) scene create: Main -1 1
2025-05-13 16:48:19.5465 (Scene.cs:36) scene create: NetInner -2 1
2025-05-13 16:48:19.5742 (Scene.cs:36) scene create: Realm 1 1
2025-05-13 16:48:19.5818 (Scene.cs:36) scene create: Gate 2 1
2025-05-13 16:48:19.5818 (Scene.cs:36) scene create: Gate 3 1
2025-05-13 16:48:19.5818 (Scene.cs:36) scene create: Location 4 1
2025-05-13 16:48:19.5818 (Scene.cs:36) scene create: Match 5 1
2025-05-13 16:48:19.5916 (Scene.cs:36) scene create: Map 6 1
2025-05-13 16:48:19.5916 (Scene.cs:36) scene create: Map 7 1
2025-05-13 16:48:19.5916 (Scene.cs:36) scene create: Map 8 1
2025-05-13 16:48:19.5916 (Scene.cs:36) scene create: LiveOps 9 1
2025-05-13 16:48:19.6149 (FiberManager.cs:83) init fiber fail: LiveOps System.Exception: Invoke error5: 1048576 ET.FiberInit
   at ET.EventSystem.Invoke[A,T](Int64 type, A args) in D:\OpenSource\TEngine\Server\Core\Core\World\Module\EventSystem\EventSystem.cs:line 183
   at ET.FiberManager.<>c__DisplayClass8_1.<<Create>b__0>d.MoveNext() in D:\OpenSource\TEngine\Server\Core\Core\World\Module\Fiber\FiberManager.cs:line 83
2025-05-13 16:51:17.7248 (Scene.cs:36) scene create: Main -1 1
2025-05-13 16:51:17.7557 (Scene.cs:36) scene create: NetInner -2 1
2025-05-13 16:51:17.7887 (Scene.cs:36) scene create: Realm 1 1
2025-05-13 16:51:17.7968 (Scene.cs:36) scene create: Gate 2 1
2025-05-13 16:51:17.7968 (Scene.cs:36) scene create: Gate 3 1
2025-05-13 16:51:17.7968 (Scene.cs:36) scene create: Location 4 1
2025-05-13 16:51:17.7968 (Scene.cs:36) scene create: Match 5 1
2025-05-13 16:51:17.8121 (Scene.cs:36) scene create: Map 6 1
2025-05-13 16:51:17.8121 (Scene.cs:36) scene create: Map 7 1
2025-05-13 16:51:17.8121 (Scene.cs:36) scene create: Map 8 1
2025-05-13 16:51:17.8121 (Scene.cs:36) scene create: LiveOps 9 1
2025-05-13 16:51:17.8388 (FiberManager.cs:83) init fiber fail: LiveOps System.Exception: Invoke error5: 1048576 ET.FiberInit
   at ET.EventSystem.Invoke[A,T](Int64 type, A args) in D:\OpenSource\TEngine\Server\Core\Core\World\Module\EventSystem\EventSystem.cs:line 183
   at ET.FiberManager.<>c__DisplayClass8_1.<<Create>b__0>d.MoveNext() in D:\OpenSource\TEngine\Server\Core\Core\World\Module\Fiber\FiberManager.cs:line 83
2025-05-13 16:52:11.7729 (Scene.cs:36) scene create: Main -1 1
2025-05-13 16:52:11.8019 (Scene.cs:36) scene create: NetInner -2 1
2025-05-13 16:52:11.8289 (Scene.cs:36) scene create: Realm 1 1
2025-05-13 16:52:11.8289 (Scene.cs:36) scene create: Gate 2 1
2025-05-13 16:52:11.8289 (Scene.cs:36) scene create: Gate 3 1
2025-05-13 16:52:11.8448 (Scene.cs:36) scene create: Location 4 1
2025-05-13 16:52:11.8448 (Scene.cs:36) scene create: Match 5 1
2025-05-13 16:52:11.8448 (Scene.cs:36) scene create: Map 6 1
2025-05-13 16:52:11.8448 (Scene.cs:36) scene create: Map 7 1
2025-05-13 16:52:11.8603 (Scene.cs:36) scene create: Map 8 1
2025-05-13 16:52:11.8603 (Scene.cs:36) scene create: LiveOps 9 1
2025-05-13 16:52:11.8742 (FiberManager.cs:83) init fiber fail: LiveOps System.Exception: Invoke error5: 1048576 ET.FiberInit
   at ET.EventSystem.Invoke[A,T](Int64 type, A args) in D:\OpenSource\TEngine\Server\Core\Core\World\Module\EventSystem\EventSystem.cs:line 183
   at ET.FiberManager.<>c__DisplayClass8_1.<<Create>b__0>d.MoveNext() in D:\OpenSource\TEngine\Server\Core\Core\World\Module\Fiber\FiberManager.cs:line 83
2025-05-13 16:57:41.2956 (Scene.cs:36) scene create: Main -1 1
2025-05-13 16:57:41.3417 (Scene.cs:36) scene create: NetInner -2 1
2025-05-13 16:57:41.3762 (Scene.cs:36) scene create: Realm 1 1
2025-05-13 16:57:41.3762 (Scene.cs:36) scene create: Gate 2 1
2025-05-13 16:57:41.3762 (Scene.cs:36) scene create: Gate 3 1
2025-05-13 16:57:41.3896 (Scene.cs:36) scene create: Location 4 1
2025-05-13 16:57:41.3896 (Scene.cs:36) scene create: Match 5 1
2025-05-13 16:57:41.3896 (Scene.cs:36) scene create: Map 6 1
2025-05-13 16:57:41.3896 (Scene.cs:36) scene create: Map 7 1
2025-05-13 16:57:41.3896 (Scene.cs:36) scene create: Map 8 1
2025-05-13 16:57:41.3896 (Scene.cs:36) scene create: LiveOps 9 1
2025-05-13 16:57:41.4139 (FiberManager.cs:83) init fiber fail: LiveOps System.Exception: Invoke error5: 1048576 ET.FiberInit
   at ET.EventSystem.Invoke[A,T](Int64 type, A args) in D:\OpenSource\TEngine\Server\Core\Core\World\Module\EventSystem\EventSystem.cs:line 183
   at ET.FiberManager.<>c__DisplayClass8_1.<<Create>b__0>d.MoveNext() in D:\OpenSource\TEngine\Server\Core\Core\World\Module\Fiber\FiberManager.cs:line 83
2025-05-13 16:58:25.4646 (Scene.cs:36) scene create: Main -1 1
2025-05-13 16:58:25.5000 (Scene.cs:36) scene create: NetInner -2 1
2025-05-13 16:58:25.5352 (Scene.cs:36) scene create: Realm 1 1
2025-05-13 16:58:25.5444 (Scene.cs:36) scene create: Gate 2 1
2025-05-13 16:58:25.5444 (Scene.cs:36) scene create: Gate 3 1
2025-05-13 16:58:25.5444 (Scene.cs:36) scene create: Location 4 1
2025-05-13 16:58:25.5444 (Scene.cs:36) scene create: Match 5 1
2025-05-13 16:58:25.5444 (Scene.cs:36) scene create: Map 6 1
2025-05-13 16:58:25.5444 (Scene.cs:36) scene create: Map 7 1
2025-05-13 16:58:25.5444 (Scene.cs:36) scene create: Map 8 1
2025-05-13 16:58:25.5444 (Scene.cs:36) scene create: LiveOps 9 1
2025-05-13 16:58:25.5709 (FiberManager.cs:83) init fiber fail: LiveOps System.Exception: Invoke error5: 1048576 ET.FiberInit
   at ET.EventSystem.Invoke[A,T](Int64 type, A args) in D:\OpenSource\TEngine\Server\Core\Core\World\Module\EventSystem\EventSystem.cs:line 183
   at ET.FiberManager.<>c__DisplayClass8_1.<<Create>b__0>d.MoveNext() in D:\OpenSource\TEngine\Server\Core\Core\World\Module\Fiber\FiberManager.cs:line 83
2025-05-13 16:59:28.7494 (Scene.cs:36) scene create: Main -1 1
2025-05-13 16:59:28.8004 (Scene.cs:36) scene create: NetInner -2 1
2025-05-13 16:59:28.8318 (Scene.cs:36) scene create: Realm 1 1
2025-05-13 16:59:28.8318 (Scene.cs:36) scene create: Gate 2 1
2025-05-13 16:59:28.8419 (Scene.cs:36) scene create: Gate 3 1
2025-05-13 16:59:28.8419 (Scene.cs:36) scene create: Location 4 1
2025-05-13 16:59:28.8419 (Scene.cs:36) scene create: Match 5 1
2025-05-13 16:59:28.8419 (Scene.cs:36) scene create: Map 6 1
2025-05-13 16:59:28.8419 (Scene.cs:36) scene create: Map 7 1
2025-05-13 16:59:28.8419 (Scene.cs:36) scene create: Map 8 1
2025-05-13 16:59:28.8419 (Scene.cs:36) scene create: None 9 1
2025-05-13 16:59:28.8631 (FiberManager.cs:83) init fiber fail: None System.Exception: Invoke error5: 0 ET.FiberInit
   at ET.EventSystem.Invoke[A,T](Int64 type, A args) in D:\OpenSource\TEngine\Server\Core\Core\World\Module\EventSystem\EventSystem.cs:line 183
   at ET.FiberManager.<>c__DisplayClass8_1.<<Create>b__0>d.MoveNext() in D:\OpenSource\TEngine\Server\Core\Core\World\Module\Fiber\FiberManager.cs:line 83
